2020-05-13 11:46:49,362 synthtool [DEBUG] > Executing /usr/local/google/home/bencoe/google/nodejs-rcloadenv/synth.py.
On branch autosynth-0
Untracked files:
  (use "git add <file>..." to include in what will be committed)
	0/

nothing added to commit but untracked files present (use "git add" to track)
2020-05-13 11:46:49,491 synthtool [DEBUG] > Using local templates at /usr/local/google/home/bencoe/google/synthtool/synthtool/gcp/templates
DEBUG:synthtool:Using local templates at /usr/local/google/home/bencoe/google/synthtool/synthtool/gcp/templates
2020-05-13 11:46:49,560 synthtool [DEBUG] > Installing dependencies...
DEBUG:synthtool:Installing dependencies...

> @google-cloud/rcloadenv@1.1.5 prepare /usr/local/google/home/bencoe/google/nodejs-rcloadenv
> npm run compile


> @google-cloud/rcloadenv@1.1.5 precompile /usr/local/google/home/bencoe/google/nodejs-rcloadenv
> gts clean

version: 11
Removing build ...

> @google-cloud/rcloadenv@1.1.5 compile /usr/local/google/home/bencoe/google/nodejs-rcloadenv
> tsc -p .

npm WARN optional SKIPPING OPTIONAL DEPENDENCY: fsevents@2.1.3 (node_modules/fsevents):
npm WARN notsup SKIPPING OPTIONAL DEPENDENCY: Unsupported platform for fsevents@2.1.3: wanted {"os":"darwin","arch":"any"} (current: {"os":"linux","arch":"x64"})
npm WARN optional SKIPPING OPTIONAL DEPENDENCY: fsevents@1.2.13 (node_modules/live-server/node_modules/fsevents):
npm WARN notsup SKIPPING OPTIONAL DEPENDENCY: Unsupported platform for fsevents@1.2.13: wanted {"os":"darwin","arch":"any"} (current: {"os":"linux","arch":"x64"})

audited 870 packages in 4.832s
found 0 vulnerabilities

2020-05-13 11:46:54,772 synthtool [DEBUG] > Running prelint...
DEBUG:synthtool:Running prelint...

> @google-cloud/rcloadenv@1.1.5 prelint /usr/local/google/home/bencoe/google/nodejs-rcloadenv
> cd samples; npm link ../; npm install


> @google-cloud/rcloadenv@1.1.5 prepare /usr/local/google/home/bencoe/google/nodejs-rcloadenv
> npm run compile


> @google-cloud/rcloadenv@1.1.5 precompile /usr/local/google/home/bencoe/google/nodejs-rcloadenv
> gts clean

version: 11
Removing build ...

> @google-cloud/rcloadenv@1.1.5 compile /usr/local/google/home/bencoe/google/nodejs-rcloadenv
> tsc -p .

npm WARN optional SKIPPING OPTIONAL DEPENDENCY: fsevents@2.1.3 (node_modules/fsevents):
npm WARN notsup SKIPPING OPTIONAL DEPENDENCY: Unsupported platform for fsevents@2.1.3: wanted {"os":"darwin","arch":"any"} (current: {"os":"linux","arch":"x64"})
npm WARN optional SKIPPING OPTIONAL DEPENDENCY: fsevents@1.2.13 (node_modules/live-server/node_modules/fsevents):
npm WARN notsup SKIPPING OPTIONAL DEPENDENCY: Unsupported platform for fsevents@1.2.13: wanted {"os":"darwin","arch":"any"} (current: {"os":"linux","arch":"x64"})

audited 870 packages in 4.665s
found 0 vulnerabilities

/usr/local/google/home/bencoe/.nvm/versions/node/v11.15.0/bin/rcloadenv -> /usr/local/google/home/bencoe/.nvm/versions/node/v11.15.0/lib/node_modules/@google-cloud/rcloadenv/build/src/cli.js
/usr/local/google/home/bencoe/.nvm/versions/node/v11.15.0/lib/node_modules/@google-cloud/rcloadenv -> /usr/local/google/home/bencoe/google/nodejs-rcloadenv
/usr/local/google/home/bencoe/google/nodejs-rcloadenv/samples/node_modules/@google-cloud/rcloadenv -> /usr/local/google/home/bencoe/.nvm/versions/node/v11.15.0/lib/node_modules/@google-cloud/rcloadenv -> /usr/local/google/home/bencoe/google/nodejs-rcloadenv
npm WARN optional SKIPPING OPTIONAL DEPENDENCY: fsevents@2.1.3 (node_modules/fsevents):
npm WARN notsup SKIPPING OPTIONAL DEPENDENCY: Unsupported platform for fsevents@2.1.3: wanted {"os":"darwin","arch":"any"} (current: {"os":"linux","arch":"x64"})

audited 173 packages in 2.538s
found 0 vulnerabilities

2020-05-13 11:47:02,945 synthtool [DEBUG] > Running fix...
DEBUG:synthtool:Running fix...

> @google-cloud/rcloadenv@1.1.5 fix /usr/local/google/home/bencoe/google/nodejs-rcloadenv
> gts fix

version: 11
2020-05-13 11:47:04,325 synthtool [DEBUG] > Wrote metadata to synth.metadata.
DEBUG:synthtool:Wrote metadata to synth.metadata.
.eslintignore
.eslintrc.json
.github/ISSUE_TEMPLATE/bug_report.md
.github/ISSUE_TEMPLATE/feature_request.md
.github/ISSUE_TEMPLATE/support_request.md
.github/PULL_REQUEST_TEMPLATE.md
.github/publish.yml
.github/release-please.yml
.github/workflows/ci.yaml
.kokoro/common.cfg
.kokoro/continuous/node10/common.cfg
.kokoro/continuous/node10/docs.cfg
.kokoro/continuous/node10/lint.cfg
.kokoro/continuous/node10/samples-test.cfg
.kokoro/continuous/node10/system-test.cfg
.kokoro/continuous/node10/test.cfg
.kokoro/continuous/node12/common.cfg
.kokoro/continuous/node12/test.cfg
.kokoro/continuous/node8/common.cfg
.kokoro/continuous/node8/test.cfg
.kokoro/docs.sh
.kokoro/lint.sh
.kokoro/presubmit/node10/common.cfg
.kokoro/presubmit/node10/docs.cfg
.kokoro/presubmit/node10/lint.cfg
.kokoro/presubmit/node10/samples-test.cfg
.kokoro/presubmit/node10/system-test.cfg
.kokoro/presubmit/node10/test.cfg
.kokoro/presubmit/node12/common.cfg
.kokoro/presubmit/node12/test.cfg
.kokoro/presubmit/node8/common.cfg
.kokoro/presubmit/node8/test.cfg
.kokoro/presubmit/windows/common.cfg
.kokoro/presubmit/windows/test.cfg
.kokoro/publish.sh
.kokoro/release/docs.cfg
.kokoro/release/docs.sh
.kokoro/release/publish.cfg
.kokoro/samples-test.sh
.kokoro/system-test.sh
.kokoro/test.bat
.kokoro/test.sh
.kokoro/trampoline.sh
.mocharc.js
.nycrc
.prettierignore
.prettierrc.js
CODE_OF_CONDUCT.md
CONTRIBUTING.md
LICENSE
README.md
renovate.json
samples/README.md
